<?xml version="1.0" encoding="UTF-8"?>
<beans xmlns="http://www.springframework.org/schema/beans"
    xmlns:xsi="http://www.w3.org/2001/XMLSchema-instance" xsi:schemaLocation="
    http://www.springframework.org/schema/beans
    http://www.springframework.org/schema/beans/spring-beans.xsd">

    <bean id="hotelController" class="choice.university.ivan.controller.HotelController" />
    <bean id="hotelService" class="choice.university.ivan.service.HotelService" />
    <bean id="appConfig" class="choice.university.ivan.config.AppConfig" />
</beans>
